<?xml version="1.0" encoding="UTF-8"?>
<!-- Generated by org.testng.reporters.JUnitReportReporter -->
<testsuite hostname="DESKTOP-517KC4A" failures="0" tests="1" name="TestRunner.TestNGRunner" time="23.783" errors="0" timestamp="2024-01-19T23:49:39 IST" skipped="0">
  <testcase classname="TestRunner.TestNGRunner" name="runScenario" time="23.783"/>
</testsuite> <!-- TestRunner.TestNGRunner -->
